chr10 97624709 A>C rs2275759 111:137:0 +
chr10 97625099 G>A rs4512761 267:186:0 +
chr10 97630523 C>T rs10736094 130:132:0 +
chr10 97631051 T>C rs2153914 26:52:0 +
chr10 97631492 T>A rs1935815 49:125:0 +
chr10 97632082 C>T rs2051052 127:156:0 +
chr1 65694819 G>A rs1062445 109:230:0 +
chr1 65695853 A>G rs1855982 134:509:0 +
chr1 65695930 G>A rs1336472 82:242:3 +
chr1 65696034 G>C rs1855981 66:212:0 +
chr5 96112005 C>T rs10515248 0:1:0 +
chr5 96112284 A>T rs56213813 0:2:0 +
chr5 96112295 C>T rs56325109 0:1:0 +
chr5 96112863 C>T rs11747148 2:1:0 +
chr5 96112897 G>C rs11740375 2:0:0 +
chr5 96112969 C>T rs11747179 1:0:0 +
chr5 96113072 T>A rs11738115 1:0:0 +
chr5 96113245 G>A rs11741100 1:0:0 +
chr5 96113397 C>T rs11747896 1:0:0 +
chr5 96114072 C>T rs56119802 0:2:0 +
chr5 96114493 T>C rs149173 2:2:0 +
chr5 96114550 G>A rs27039 1:0:0 +
chr5 96114695 A>G rs17481759 5:1:0 +
chr5 96115070 T>G rs3335 4:1:0 +
chr5 96115085 G>C rs3334 4:1:0 +
chr5 96115111 G>A rs3333 4:1:0 +
chr5 96115146 A>T na 2:0:0 +
chr5 96115193 G>A rs149078 1:3:0 +
chr5 96115925 C>T rs11749811 0:1:0 +
chr5 96116660 A>G na 3:0:0 +
chr5 96116808 G>A rs17481856 2:0:0 +
chr5 96118148 T>C na 0:1:0 +
chr5 96118487 A>C rs11750934 3:0:0 +
chr5 96118852 G>C rs27044 1:1:0 +
chr5 96119055 T>C rs11738810 1:0:0 +
chr5 96119273 A>G rs27432 1:0:0 +
chr5 96119328 C>A rs11748519 1:1:0 +
chr5 96120933 T>A rs30377 0:2:0 +
chr5 96121183 C>T rs11750283 1:1:0 +
chr5 96121406 A>G rs469876 1:0:0 +
chr5 96121524 C>T rs469783 1:1:0 +
chr5 96121715 C>T rs469758 0:1:0 +
chr5 96122260 T>G rs30379 1:0:0 +
chr5 96132070 A>G rs11745157 1:0:0 +
chr5 96135032 T>G rs26615 1:0:0 +
chr10 97630523 C>T rs10736094 2:5:0 -
chr10 97631051 T>C rs2153914 1:2:0 -
chr10 97631492 T>A rs1935815 3:5:0 -
chr10 97632082 C>T rs2051052 0:3:0 -
chr5 96111805 T>G na 47:46:0 -
chr5 96112005 C>T rs10515248 72:79:1 -
chr5 96112284 A>T rs56213813 2:0:0 -
chr5 96112295 C>T rs56325109 2:1:0 -
chr5 96112863 C>T rs11747148 2:1:0 -
chr5 96112897 G>C rs11740375 3:1:0 -
chr5 96112969 C>T rs11747179 3:2:0 -
chr5 96113031 A>G rs11750464 0:1:0 -
chr5 96113072 T>A rs11738115 2:1:0 -
chr5 96113245 G>A rs11741100 0:1:0 -
chr5 96113397 C>T rs11747896 4:0:0 -
chr5 96113838 T>C rs11739020 2:6:0 -
chr5 96114072 C>T rs56119802 10:15:1 -
chr5 96114150 A>G rs55996659 5:16:0 -
chr5 96114346 A>C rs149481 21:20:0 -
chr5 96114493 T>C rs149173 18:16:0 -
chr5 96114550 G>A rs27039 12:16:0 -
chr5 96114695 A>G rs17481759 11:9:0 -
chr5 96115070 T>G rs3335 0:1:0 -
chr5 96115085 G>C rs3334 0:2:0 -
chr5 96115111 G>A rs3333 4:2:0 -
chr5 96115146 A>T na 4:1:0 -
chr5 96115925 C>T rs11749811 1:2:0 -
chr5 96116808 G>A rs17481856 40:81:0 -
chr5 96118065 T>G rs27619 0:1:0 -
chr5 96118487 A>C rs11750934 1:3:0 -
chr5 96118852 G>C rs27044 273:184:1 -
chr5 96119055 T>C rs11738810 3:2:0 -
chr5 96119273 A>G rs27432 0:1:0 -
chr5 96119328 C>A rs11748519 1:0:0 -
chr5 96120259 C>T rs30376 6:25:0 -
chr5 96120933 T>A rs30377 3:25:0 -
chr5 96121069 C>T rs469736 1:13:0 -
chr5 96121183 C>T rs11750283 20:9:0 -
chr5 96121406 A>G rs469876 5:5:0 -
chr5 96121524 C>T rs469783 178:148:10 -
chr5 96122260 T>G rs30379 0:1:0 -
chr5 96122281 A>C rs30380 0:1:0 -
chr5 96123264 C>A rs246454 0:2:0 -
chr5 96123336 T>C rs246453 0:1:0 -
chr5 96123366 G>A na 1:0:0 -
chr5 96123815 G>T rs151928 1:1:0 -
chr5 96124330 T>C rs30187 113:79:0 -
chr5 96124453 A>G rs11743410 1:4:0 -
chr5 96124807 G>A rs11746534 2:1:0 -
chr5 96125259 G>A rs10515249 2:8:0 -
chr5 96125533 T>A na 2:0:0 -
chr5 96125594 G>A na 2:3:0 -
chr5 96125910 C>T rs26510 3:0:0 -
chr5 96126197 A>G rs27710 0:1:0 -
chr5 96126308 A>G rs27529 91:68:0 -
chr5 96127833 G>A rs3213809 86:77:1 -
chr5 96130836 T>C rs26618 185:183:0 -
chr5 96139595 G>A na 286:316:1 -
chr5 96143845 C>T rs151949 1:1:0 -
